2023-02-08 20:53:15.589 +01:00 [INF] User profile is available. Using 'C:\Users\Decagon\AppData\Local\ASP.NET\DataProtection-Keys' as key repository and Windows DPAPI to encrypt keys at rest.
2023-02-08 20:53:15.976 +01:00 [INF] Now listening on: https://localhost:7180
2023-02-08 20:53:15.981 +01:00 [INF] Now listening on: http://localhost:5258
2023-02-08 20:53:15.994 +01:00 [INF] Application started. Press Ctrl+C to shut down.
2023-02-08 20:53:15.997 +01:00 [INF] Hosting environment: Development
2023-02-08 20:53:16.001 +01:00 [INF] Content root path: C:\Users\Decagon\OneDrive\Documents\.Net\ApiWithAuth\ApiWithAuth\
2023-02-08 20:53:17.153 +01:00 [INF] Request starting HTTP/2 GET https://localhost:7180/swagger/index.html - -
2023-02-08 20:53:17.171 +01:00 [INF] Request starting HTTP/2 GET https://localhost:7180/_framework/aspnetcore-browser-refresh.js - -
2023-02-08 20:53:17.171 +01:00 [INF] Request starting HTTP/2 GET https://localhost:7180/_vs/browserLink - -
2023-02-08 20:53:17.196 +01:00 [INF] Request finished HTTP/2 GET https://localhost:7180/_framework/aspnetcore-browser-refresh.js - - - 200 11992 application/javascript;+charset=utf-8 23.3135ms
2023-02-08 20:53:17.337 +01:00 [INF] Request finished HTTP/2 GET https://localhost:7180/_vs/browserLink - - - 200 - text/javascript;+charset=UTF-8 166.0764ms
2023-02-08 20:53:17.416 +01:00 [INF] Request starting HTTP/2 GET https://localhost:7180/swagger/v1/swagger.json - -
2023-02-08 20:53:17.493 +01:00 [INF] Request finished HTTP/2 GET https://localhost:7180/swagger/index.html - - - 200 - text/html;charset=utf-8 348.1647ms
2023-02-08 20:53:17.516 +01:00 [INF] Request starting HTTP/2 GET https://localhost:7180/_framework/aspnetcore-browser-refresh.js - -
2023-02-08 20:53:17.516 +01:00 [INF] Request starting HTTP/2 GET https://localhost:7180/_vs/browserLink - -
2023-02-08 20:53:17.516 +01:00 [INF] Request finished HTTP/2 GET https://localhost:7180/_framework/aspnetcore-browser-refresh.js - - - 200 11992 application/javascript;+charset=utf-8 0.3699ms
2023-02-08 20:53:17.571 +01:00 [INF] Request finished HTTP/2 GET https://localhost:7180/_vs/browserLink - - - 200 - text/javascript;+charset=UTF-8 55.1895ms
2023-02-08 20:53:17.816 +01:00 [INF] Request finished HTTP/2 GET https://localhost:7180/swagger/v1/swagger.json - - - 200 - application/json;charset=utf-8 399.8503ms
2023-02-08 20:53:17.818 +01:00 [INF] Request starting HTTP/2 GET https://localhost:7180/swagger/v1/swagger.json - -
2023-02-08 20:53:17.825 +01:00 [INF] Request finished HTTP/2 GET https://localhost:7180/swagger/v1/swagger.json - - - 200 - application/json;charset=utf-8 6.8849ms
2023-02-08 20:54:04.227 +01:00 [INF] Request starting HTTP/2 POST https://localhost:7180/api/Auth/Login/User application/json 70
2023-02-08 20:54:04.324 +01:00 [INF] Executing endpoint 'ApiWithAuth.Controllers.AuthController.LoginUser (ApiWithAuth)'
2023-02-08 20:54:04.355 +01:00 [INF] Route matched with {action = "LoginUser", controller = "Auth"}. Executing controller action with signature System.Threading.Tasks.Task`1[Microsoft.AspNetCore.Mvc.IActionResult] LoginUser(ApiWithAuth.Core.DTOs.LoginDto) on controller ApiWithAuth.Controllers.AuthController (ApiWithAuth).
2023-02-08 20:54:05.493 +01:00 [INF] Entity Framework Core 6.0.12 initialized 'ApplicationDbContext' using provider 'Microsoft.EntityFrameworkCore.SqlServer:6.0.10' with options: None
2023-02-08 20:54:06.394 +01:00 [INF] Executed DbCommand (79ms) [Parameters=[@__normalizedEmail_0='?' (Size = 256)], CommandType='"Text"', CommandTimeout='30']
SELECT TOP(2) [a].[Id], [a].[AccessFailedCount], [a].[ConcurrencyStamp], [a].[Email], [a].[EmailConfirmed], [a].[LockoutEnabled], [a].[LockoutEnd], [a].[NormalizedEmail], [a].[NormalizedUserName], [a].[PasswordHash], [a].[PhoneNumber], [a].[PhoneNumberConfirmed], [a].[SecurityStamp], [a].[TwoFactorEnabled], [a].[UserName]
FROM [AspNetUsers] AS [a]
WHERE [a].[NormalizedEmail] = @__normalizedEmail_0
2023-02-08 20:54:06.696 +01:00 [INF] Executing OkObjectResult, writing value of type 'ApiWithAuth.Core.Utilities.Response`1[[ApiWithAuth.Core.DTOs.LoginDto, ApiWithAuth.Core, Version=1.0.0.0, Culture=neutral, PublicKeyToken=null]]'.
2023-02-08 20:54:06.706 +01:00 [INF] Executed action ApiWithAuth.Controllers.AuthController.LoginUser (ApiWithAuth) in 2345.9444ms
2023-02-08 20:54:06.707 +01:00 [INF] Executed endpoint 'ApiWithAuth.Controllers.AuthController.LoginUser (ApiWithAuth)'
2023-02-08 20:54:06.725 +01:00 [INF] Request finished HTTP/2 POST https://localhost:7180/api/Auth/Login/User application/json 70 - 200 - application/json;+charset=utf-8 2497.6431ms
2023-02-08 20:55:15.469 +01:00 [INF] Request starting HTTP/2 GET https://localhost:7180/Get/All - -
2023-02-08 20:55:15.557 +01:00 [INF] Executing endpoint 'ApiWithAuth.Controllers.EmployeeController.GetAll (ApiWithAuth)'
2023-02-08 20:55:15.559 +01:00 [INF] Route matched with {action = "GetAll", controller = "Employee"}. Executing controller action with signature System.Threading.Tasks.Task`1[Microsoft.AspNetCore.Mvc.IActionResult] GetAll() on controller ApiWithAuth.Controllers.EmployeeController (ApiWithAuth).
2023-02-08 20:55:15.607 +01:00 [INF] Entity Framework Core 6.0.12 initialized 'ApplicationDbContext' using provider 'Microsoft.EntityFrameworkCore.SqlServer:6.0.10' with options: None
2023-02-08 20:55:15.627 +01:00 [INF] Executed DbCommand (7ms) [Parameters=[], CommandType='"Text"', CommandTimeout='30']
SELECT [e].[Id], [e].[Department], [e].[Email], [e].[FirstName], [e].[LastName], [e].[MiddleName], [e].[Password], [e].[PhoneNumber], [e].[Salary], [e].[Title]
FROM [Employess] AS [e]
2023-02-08 20:55:15.690 +01:00 [INF] Executing OkObjectResult, writing value of type 'ApiWithAuth.Core.Utilities.Response`1[[System.Collections.Generic.IEnumerable`1[[ApiWithAuth.Core.DTOs.GetEmployeeDto, ApiWithAuth.Core, Version=1.0.0.0, Culture=neutral, PublicKeyToken=null]], System.Private.CoreLib, Version=6.0.0.0, Culture=neutral, PublicKeyToken=7cec85d7bea7798e]]'.
2023-02-08 20:55:15.697 +01:00 [INF] Executed action ApiWithAuth.Controllers.EmployeeController.GetAll (ApiWithAuth) in 137.7036ms
2023-02-08 20:55:15.697 +01:00 [INF] Executed endpoint 'ApiWithAuth.Controllers.EmployeeController.GetAll (ApiWithAuth)'
2023-02-08 20:55:15.703 +01:00 [INF] Request finished HTTP/2 GET https://localhost:7180/Get/All - - - 200 - application/json;+charset=utf-8 234.8401ms
